This is pdfTeX, Version 3.1415926-1.40.10 (TeX Live 2009/Debian) (format=latex 2012.6.10)  20 FEB 2013 12:03
entering extended mode
 %&-line parsing enabled.
**Memoir
(./Memoir.tex
LaTeX2e <2009/09/24>
Babel <v3.8l> and hyphenation patterns for english, usenglishmax, dumylang, noh
yphenation, loaded.
(/usr/share/texmf-texlive/tex/latex/base/book.cls
Document Class: book 2007/10/19 v1.4h Standard LaTeX document class
(/usr/share/texmf-texlive/tex/latex/base/bk12.clo
File: bk12.clo 2007/10/19 v1.4h Standard LaTeX file (size option)
)
\c@part=\count79
\c@chapter=\count80
\c@section=\count81
\c@subsection=\count82
\c@subsubsection=\count83
\c@paragraph=\count84
\c@subparagraph=\count85
\c@figure=\count86
\c@table=\count87
\abovecaptionskip=\skip41
\belowcaptionskip=\skip42
\bibindent=\dimen102
)
(/usr/share/texmf-texlive/tex/latex/graphics/color.sty
Package: color 2005/11/14 v1.0j Standard LaTeX Color (DPC)

(/etc/texmf/tex/latex/config/color.cfg
File: color.cfg 2007/01/18 v1.5 color configuration of teTeX/TeXLive
)
Package color Info: Driver file: dvips.def on input line 130.

(/usr/share/texmf-texlive/tex/latex/graphics/dvips.def
File: dvips.def 1999/02/16 v3.0i Driver-dependant file (DPC,SPQR)
)
(/usr/share/texmf-texlive/tex/latex/graphics/dvipsnam.def
File: dvipsnam.def 1999/02/16 v3.0i Driver-dependant file (DPC,SPQR)
))
(/usr/share/texmf-texlive/tex/latex/psnfss/times.sty
Package: times 2005/04/12 PSNFSS-v9.2a (SPQR) 
)
(/usr/share/texmf-texlive/tex/latex/amsmath/amsmath.sty
Package: amsmath 2000/07/18 v2.13 AMS math features
\@mathmargin=\skip43

For additional information on amsmath, use the `?' option.
(/usr/share/texmf-texlive/tex/latex/amsmath/amstext.sty
Package: amstext 2000/06/29 v2.01

(/usr/share/texmf-texlive/tex/latex/amsmath/amsgen.sty
File: amsgen.sty 1999/11/30 v2.0
\@emptytoks=\toks14
\ex@=\dimen103
))
(/usr/share/texmf-texlive/tex/latex/amsmath/amsbsy.sty
Package: amsbsy 1999/11/29 v1.2d
\pmbraise@=\dimen104
)
(/usr/share/texmf-texlive/tex/latex/amsmath/amsopn.sty
Package: amsopn 1999/12/14 v2.01 operator names
)
\inf@bad=\count88
LaTeX Info: Redefining \frac on input line 211.
\uproot@=\count89
\leftroot@=\count90
LaTeX Info: Redefining \overline on input line 307.
\classnum@=\count91
\DOTSCASE@=\count92
LaTeX Info: Redefining \ldots on input line 379.
LaTeX Info: Redefining \dots on input line 382.
LaTeX Info: Redefining \cdots on input line 467.
\Mathstrutbox@=\box26
\strutbox@=\box27
\big@size=\dimen105
LaTeX Font Info:    Redeclaring font encoding OML on input line 567.
LaTeX Font Info:    Redeclaring font encoding OMS on input line 568.
\macc@depth=\count93
\c@MaxMatrixCols=\count94
\dotsspace@=\muskip10
\c@parentequation=\count95
\dspbrk@lvl=\count96
\tag@help=\toks15
\row@=\count97
\column@=\count98
\maxfields@=\count99
\andhelp@=\toks16
\eqnshift@=\dimen106
\alignsep@=\dimen107
\tagshift@=\dimen108
\tagwidth@=\dimen109
\totwidth@=\dimen110
\lineht@=\dimen111
\@envbody=\toks17
\multlinegap=\skip44
\multlinetaggap=\skip45
\mathdisplay@stack=\toks18
LaTeX Info: Redefining \[ on input line 2666.
LaTeX Info: Redefining \] on input line 2667.
)
(/usr/share/texmf-texlive/tex/latex/amsfonts/amsfonts.sty
Package: amsfonts 2009/06/22 v3.00 Basic AMSFonts support
\symAMSa=\mathgroup4
\symAMSb=\mathgroup5
LaTeX Font Info:    Overwriting math alphabet `\mathfrak' in version `bold'
(Font)                  U/euf/m/n --> U/euf/b/n on input line 96.
)
(/usr/share/texmf-texlive/tex/latex/amsfonts/amssymb.sty
Package: amssymb 2009/06/22 v3.00
)
(/usr/share/texmf-texlive/tex/latex/amscls/amsthm.sty
Package: amsthm 2004/08/06 v2.20
\thm@style=\toks19
\thm@bodyfont=\toks20
\thm@headfont=\toks21
\thm@notefont=\toks22
\thm@headpunct=\toks23
\thm@preskip=\skip46
\thm@postskip=\skip47
\thm@headsep=\skip48
\dth@everypar=\toks24
)
(/usr/share/texmf-texlive/tex/latex/graphics/graphicx.sty
Package: graphicx 1999/02/16 v1.0f Enhanced LaTeX Graphics (DPC,SPQR)

(/usr/share/texmf-texlive/tex/latex/graphics/keyval.sty
Package: keyval 1999/03/16 v1.13 key=value parser (DPC)
\KV@toks@=\toks25
)
(/usr/share/texmf-texlive/tex/latex/graphics/graphics.sty
Package: graphics 2009/02/05 v1.0o Standard LaTeX Graphics (DPC,SPQR)

(/usr/share/texmf-texlive/tex/latex/graphics/trig.sty
Package: trig 1999/03/16 v1.09 sin cos tan (DPC)
)
(/etc/texmf/tex/latex/config/graphics.cfg
File: graphics.cfg 2009/08/28 v1.8 graphics configuration of TeX Live
)
Package graphics Info: Driver file: dvips.def on input line 91.
)
\Gin@req@height=\dimen112
\Gin@req@width=\dimen113
)
(/usr/share/texmf-texlive/tex/latex/listings/listings.sty
\lst@mode=\count100
\lst@gtempboxa=\box28
\lst@token=\toks26
\lst@length=\count101
\lst@currlwidth=\dimen114
\lst@column=\count102
\lst@pos=\count103
\lst@lostspace=\dimen115
\lst@width=\dimen116
\lst@newlines=\count104
\lst@lineno=\count105
\lst@maxwidth=\dimen117

(/usr/share/texmf-texlive/tex/latex/listings/lstmisc.sty
File: lstmisc.sty 2007/02/22 1.4 (Carsten Heinz)
\c@lstnumber=\count106
\lst@skipnumbers=\count107
\lst@framebox=\box29
)
(/usr/share/texmf-texlive/tex/latex/listings/listings.cfg
File: listings.cfg 2007/02/22 1.4 listings configuration
))
Package: listings 2007/02/22 1.4 (Carsten Heinz)

(/usr/share/texmf-texlive/tex/latex/listings/lstlang1.sty
File: lstlang1.sty 2004/09/05 1.3 listings language file
)
\c@theorem=\count108
 (./Memoir.aux)
\openout1 = `Memoir.aux'.

LaTeX Font Info:    Checking defaults for OML/cmm/m/it on input line 106.
LaTeX Font Info:    ... okay on input line 106.
LaTeX Font Info:    Checking defaults for T1/cmr/m/n on input line 106.
LaTeX Font Info:    ... okay on input line 106.
LaTeX Font Info:    Checking defaults for OT1/cmr/m/n on input line 106.
LaTeX Font Info:    ... okay on input line 106.
LaTeX Font Info:    Checking defaults for OMS/cmsy/m/n on input line 106.
LaTeX Font Info:    ... okay on input line 106.
LaTeX Font Info:    Checking defaults for OMX/cmex/m/n on input line 106.
LaTeX Font Info:    ... okay on input line 106.
LaTeX Font Info:    Checking defaults for U/cmr/m/n on input line 106.
LaTeX Font Info:    ... okay on input line 106.
LaTeX Font Info:    Try loading font information for OT1+ptm on input line 106.


(/usr/share/texmf-texlive/tex/latex/psnfss/ot1ptm.fd
File: ot1ptm.fd 2001/06/04 font definitions for OT1/ptm.
)
\c@lstlisting=\count109
LaTeX Font Info:    Font shape `OT1/ptm/bx/n' in size <24.88> not available
(Font)              Font shape `OT1/ptm/b/n' tried instead on input line 120.
 (./Memoir.toc
LaTeX Font Info:    Font shape `OT1/ptm/bx/n' in size <12> not available
(Font)              Font shape `OT1/ptm/b/n' tried instead on input line 1.
LaTeX Font Info:    Try loading font information for U+msa on input line 2.

(/usr/share/texmf-texlive/tex/latex/amsfonts/umsa.fd
File: umsa.fd 2009/06/22 v3.00 AMS symbols A
)
LaTeX Font Info:    Try loading font information for U+msb on input line 2.

(/usr/share/texmf-texlive/tex/latex/amsfonts/umsb.fd
File: umsb.fd 2009/06/22 v3.00 AMS symbols B
) [1


])
\tf@toc=\write3
\openout3 = `Memoir.toc'.

 [2] (./Memoir.lot)
\tf@lot=\write4
\openout4 = `Memoir.lot'.


[3

] (./Memoir.lof [4

])
\tf@lof=\write5
\openout5 = `Memoir.lof'.

 [5]
Chapter 1.
(./introduction.tex
LaTeX Font Info:    Font shape `OT1/ptm/bx/n' in size <17.28> not available
(Font)              Font shape `OT1/ptm/b/n' tried instead on input line 1.
 [6

]
LaTeX Font Info:    Try loading font information for OT1+pcr on input line 17.
 (/usr/share/texmf-texlive/tex/latex/psnfss/ot1pcr.fd
File: ot1pcr.fd 2001/06/04 font definitions for OT1/pcr.
)
LaTeX Font Info:    Font shape `OT1/ptm/bx/n' in size <14.4> not available
(Font)              Font shape `OT1/ptm/b/n' tried instead on input line 19.
File: Images/BasicModel.eps Graphic file (type eps)

<Images/BasicModel.eps>
File: Images/Lognormal.eps Graphic file (type eps)
 <Images/Lognormal.eps> [7] [8]
File: Images/SkewedNormalHistogram.eps Graphic file (type eps)

<Images/SkewedNormalHistogram.eps>
File: Images/SkewedNormalFitted.eps Graphic file (type eps)
 <Images/SkewedNormalFitted.eps> [9])
[10]
Chapter 2.
(./numeric_computation.tex
File: Images/SkewedNormalHistogram.eps Graphic file (type eps)
 <Images/SkewedNormalHistogram.eps>
File: Images/ArbitraryHistogram.eps Graphic file (type eps)

<Images/ArbitraryHistogram.eps> [11

] [12]
File: Images/NormalDSN.eps Graphic file (type eps)
 <Images/NormalDSN.eps>
File: Images/LogNormalDSN.eps Graphic file (type eps)

<Images/LogNormalDSN.eps>
File: Images/NormalDSN.eps Graphic file (type eps)
 <Images/NormalDSN.eps>
File: Images/PowerNormalDSN.eps Graphic file (type eps)
 <Images/PowerNormalDSN.eps>
File: Images/AxB_partitioned.eps Graphic file (type eps)

<Images/AxB_partitioned.eps> [13]
Overfull \hbox (5.73384pt too wide) in paragraph at lines 100--100
[] 
 []

[14]
File: Images/N53xN11.eps Graphic file (type eps)
 <Images/N53xN11.eps>
File: Images/N73_N11.eps Graphic file (type eps)
 <Images/N73_N11.eps>
File: Images/N01xN01.eps Graphic file (type eps)
 <Images/N01xN01.eps>
File: Images/N01xx2.eps Graphic file (type eps)

<Images/N01xx2.eps> [15] [16]
File: Images/XpY_X.eps Graphic file (type eps)
 <Images/XpY_X.eps> [17]
File: Images/XpY_Zrectangle.eps Graphic file (type eps)

<Images/XpY_Zrectangle.eps>
File: Images/XpY_X_Z.eps Graphic file (type eps)
 <Images/XpY_X_Z.eps>) [18] [19]
Chapter 3.
(./correlated_ops.tex [20

] [21] [22]
File: Images/XY_continous.eps Graphic file (type eps)
 <Images/XY_continous.eps> [23]
File: Images/XY_discrete_continous.eps Graphic file (type eps)

<Images/XY_discrete_continous.eps> [24]
File: Images/XY_addition_projection.eps Graphic file (type eps)
 <Images/XY_addition_projection.eps>
[25] [26]
File: Images/XY_01_example.eps Graphic file (type eps)
 <Images/XY_01_example.eps> [27]
File: Images/XY_example_distributions.eps Graphic file (type eps)

<Images/XY_example_distributions.eps>) [28]
Chapter 4.
(./tables_and_chairs.tex
Overfull \hbox (15.14337pt too wide) in paragraph at lines 1--1
[]\OT1/ptm/b/n/17.28 Tables and Chairs with Cor-re-lated Ran-dom Prices 
 []

File: Images/TCD.eps Graphic file (type eps)
<Images/TCD.eps> [29

] [30] [31]
File: Images/tcd_rectangle.eps Graphic file (type eps)
 <Images/tcd_rectangle.eps> [32] [33] [34]
[35]
File: Images/block_projection.eps Graphic file (type eps)
 <Images/block_projection.eps> [36]
File: Images/line_projection.eps Graphic file (type eps)
 <Images/line_projection.eps> [37]
Overfull \hbox (6.77458pt too wide) in paragraph at lines 347--353
\OT1/ptm/m/n/12 block prob-a-bil-ity is cor-re-spond-ingly re-duced to $[]\OML/
cmm/m/it/12 DP[]$ \OT1/ptm/m/n/12 so that the $\OT1/cmr/m/n/12 (\OML/cmm/m/it/1
2 min[]; max[]\OT1/cmr/m/n/12 )$
 []

File: Images/ABC_1K.eps Graphic file (type eps)
<Images/ABC_1K.eps>
File: Images/ABC_10K.eps Graphic file (type eps)
 <Images/ABC_10K.eps>
File: Images/ABC_100K.eps Graphic file (type eps)
 <Images/ABC_100K.eps>
File: Images/ABC_1M.eps Graphic file (type eps)

<Images/ABC_1M.eps>
Overfull \hbox (2.28003pt too wide) in paragraph at lines 378--395
[][] []
 []


Overfull \hbox (2.28003pt too wide) in paragraph at lines 378--395
[] [] 
 []

File: Images/tcd_prices.eps Graphic file (type eps)
<Images/tcd_prices.eps> [38] [39] [40]
File: Images/ptc_rectangle.eps Graphic file (type eps)
 <Images/ptc_rectangle.eps> [41]
File: Images/ptc_rectangle_convex.eps Graphic file (type eps)

<Images/ptc_rectangle_convex.eps>
File: Images/ptc_rectangle_rectangle.eps Graphic file (type eps)
 <Images/ptc_rectangle_rectangle.eps>
File: Images/Ptc.eps Graphic file (type eps)

<Images/Ptc.eps> [42] [43]
File: Images/Ptc_flat.eps Graphic file (type eps)
 <Images/Ptc_flat.eps> [44] [45]
File: Images/tcpr_directed_graph.eps Graphic file (type eps)

<Images/tcpr_directed_graph.eps> [46] [47] [48] [49]) [50]
Chapter 5.
(./black_scholes.tex
File: Images/S_T.eps Graphic file (type eps)
 <Images/S_T.eps> [51

]
File: Images/S_T_hat.eps Graphic file (type eps)
 <Images/S_T_hat.eps>
File: Images/r_T.eps Graphic file (type eps)

<Images/r_T.eps> [52]
File: Images/S_T_minus_K.eps Graphic file (type eps)
 <Images/S_T_minus_K.eps> [53]
File: Images/S_T_minus_K_plus.eps Graphic file (type eps)

<Images/S_T_minus_K_plus.eps>
File: Images/C_T_hat.eps Graphic file (type eps)
 <Images/C_T_hat.eps>
File: Images/S_T_minus_K_minus.eps Graphic file (type eps)

<Images/S_T_minus_K_minus.eps> [54]
Missing character: There is no â in font cmr12!
Missing character: There is no ˆ in font cmr12!
Missing character: There is no ’ in font cmr12!
Missing character: There is no â in font ptmr7t!
Missing character: There is no € in font ptmr7t!
Missing character: There is no “ in font ptmr7t!
Missing character: There is no â in font cmr12!
Missing character: There is no ˆ in font cmr12!
Missing character: There is no ’ in font cmr12!
Missing character: There is no â in font cmr12!
Missing character: There is no ˆ in font cmr12!
Missing character: There is no ’ in font cmr12!
File: Images/CP_addition.eps Graphic file (type eps)
 <Images/CP_addition.eps> [55]
File: Images/S_T_K.eps Graphic file (type eps)

<Images/S_T_K.eps>
File: Images/XL_XR.eps Graphic file (type eps)
 <Images/XL_XR.eps> [56]
File: Images/XL_XR_M.eps Graphic file (type eps)
 <Images/XL_XR_M.eps>
File: Images/Z_XR_K.eps Graphic file (type eps)

<Images/Z_XR_K.eps> [57]
File: Images/Z_XR_K_discrete.eps Graphic file (type eps)
 <Images/Z_XR_K_discrete.eps> [58] [59]
File: Images/SC.eps Graphic file (type eps)

<Images/SC.eps> [60]
File: Images/SC_21.eps Graphic file (type eps)
 <Images/SC_21.eps> [61]
File: Images/SC_Zero.eps Graphic file (type eps)
 <Images/SC_Zero.eps>
File: Images/SC_Zero_RV.eps Graphic file (type eps)

<Images/SC_Zero_RV.eps>
File: Images/SPY.eps Graphic file (type eps)
 <Images/SPY.eps>
Overfull \hbox (17.19034pt too wide) in paragraph at lines 375--376
\OT1/ptm/m/n/12 ran-dom vari-able fa-cil-i-ties of RICO to plot $\OML/cmm/m/it/
12 LogNormal\OT1/cmr/m/n/12 (0\OML/cmm/m/it/12 ; ^^[\OT1/cmr/m/n/12 ) \OMS/cmsy
/m/n/12 ^^B \OML/cmm/m/it/12 LevyStable\OT1/cmr/m/n/12 (\OML/cmm/m/it/12 ; ^^L
; ^^N; ^^M\OT1/cmr/m/n/12 )$
 []

[62] [63]
File: Images/SPY_returns.eps Graphic file (type eps)
 <Images/SPY_returns.eps>
File: Images/SPY_returns_fit.eps Graphic file (type eps)
 <Images/SPY_returns_fit.eps>
File: Images/SPY_purchase.eps Graphic file (type eps)

<Images/SPY_purchase.eps> [64] [65]
File: Images/SPY_purchase_split.eps Graphic file (type eps)
 <Images/SPY_purchase_split.eps>
File: Images/SPY_purchase_call.eps Graphic file (type eps)

<Images/SPY_purchase_call.eps>) [66] [67]
Appendix A.
(./tables_and_chairs_sharp.tex [68

] [69] [70] [71]
File: Images/tables_and_chairs.eps Graphic file (type eps)

<Images/tables_and_chairs.eps> [72] [73] [74] [75]
Overfull \hbox (70.12263pt too wide) in paragraph at lines 410--410
[] 
 []

[76] [77] [78]
File: Images/tc_directed_graph.eps Graphic file (type eps)
 <Images/tc_directed_graph.eps> [79]
File: Images/tc_joint_prices.eps Graphic file (type eps)

<Images/tc_joint_prices.eps>) (./Memoir.bbl [80]
Underfull \hbox (badness 6428) in paragraph at lines 46--51
[]\OT1/ptm/m/n/12 J. P. Nolan.  \OT1/ptm/m/it/12 Sta-ble Dis-tri-bu-tions - Mod
-els for Heavy Tailed
 []

) [81

] (./Memoir.aux) ) 
Here is how much of TeX's memory you used:
 3372 strings out of 495062
 44843 string characters out of 1182644
 161858 words of memory out of 3000000
 6432 multiletter control sequences out of 15000+50000
 17947 words of font info for 55 fonts, out of 3000000 for 9000
 28 hyphenation exceptions out of 8191
 27i,20n,35p,1076b,965s stack positions out of 5000i,500n,10000p,200000b,50000s

Output written on Memoir.dvi (81 pages, 208892 bytes).
